[2016-01-10 11:09:49] START
[2016-01-10 11:19:47] EDIT Trading_App/views/default/index.html: -43
[2016-01-10 12:54:31] EDIT Trading_App/views/default/index.html: -4
[2016-01-10 12:55:08] EDIT Trading_App/views/default/index.html: 0
[2016-01-10 13:02:00] EDIT Trading_App/controllers/default.py: -1
[2016-01-10 13:02:26] EDIT Trading_App/controllers/default.py: 0
[2016-01-10 13:02:32] EDIT Trading_App/controllers/default.py: 0
[2016-01-10 13:06:48] EDIT Trading_App/controllers/default.py: 0
[2016-01-10 13:42:30] EDIT Trading_App/controllers/default.py: 0
[2016-01-10 13:44:41] EDIT Trading_App/controllers/default.py: 1
[2016-01-10 13:45:00] EDIT Trading_App/controllers/default.py: 0
[2016-01-10 13:45:26] EDIT Trading_App/controllers/default.py: 0
[2016-01-10 13:46:12] EDIT Trading_App/controllers/default.py: 0
[2016-01-10 13:46:54] EDIT Trading_App/controllers/default.py: 0
[2016-01-10 13:47:08] EDIT Trading_App/controllers/default.py: 0
[2016-01-10 13:49:22] EDIT Trading_App/controllers/default.py: 0
[2016-01-10 13:49:54] EDIT Trading_App/controllers/default.py: -1
[2016-01-10 13:50:25] EDIT Trading_App/controllers/default.py: 0
[2016-01-10 13:51:40] EDIT Trading_App/controllers/default.py: 0
[2016-01-10 13:52:06] EDIT Trading_App/controllers/default.py: 1
[2016-01-10 13:52:38] EDIT Trading_App/views/default/index.html: 1
[2016-01-10 13:52:58] EDIT Trading_App/controllers/default.py: 0
[2016-01-10 13:53:50] EDIT Trading_App/controllers/default.py: -1
[2016-01-10 13:53:56] EDIT Trading_App/views/default/index.html: -1
[2016-01-10 13:54:36] EDIT Trading_App/controllers/default.py: 0
[2016-01-10 13:55:02] EDIT Trading_App/controllers/default.py: 0
[2016-01-10 13:55:48] EDIT Trading_App/controllers/default.py: 0
[2016-01-10 15:40:06] EDIT Trading_App/models/menu.py: 0
[2016-01-10 15:53:33] CREATE db1.py: 0
[2016-01-10 15:58:06] EDIT Trading_App/models/db1.py: 1
[2016-01-10 20:35:25] EDIT Trading_App/controllers/default.py: 1
[2016-01-12 19:03:50] EDIT Trading_App/controllers/default.py: 0
[2016-01-12 19:04:09] EDIT Trading_App/controllers/default.py: 0
[2016-01-12 20:19:07] EDIT Trading_App/views/default/index.html: 16
[2016-01-12 20:22:59] EDIT Trading_App/views/default/index.html: 2
[2016-01-12 20:23:54] EDIT Trading_App/views/default/index.html: 3
[2016-01-12 20:25:39] EDIT Trading_App/views/default/index.html: 2
[2016-01-12 20:27:58] EDIT Trading_App/views/default/index.html: 1
[2016-01-12 20:32:43] EDIT Trading_App/views/default/index.html: 1
[2016-01-12 20:35:43] EDIT Trading_App/views/default/index.html: 0
[2016-01-12 20:48:48] EDIT Trading_App/views/default/index.html: 1
[2016-01-12 20:49:17] EDIT Trading_App/views/default/index.html: 0
[2016-01-12 20:49:26] EDIT Trading_App/views/default/index.html: 0
[2016-01-12 20:51:10] EDIT Trading_App/views/default/index.html: 0
[2016-01-12 20:51:24] EDIT Trading_App/views/default/index.html: 0
[2016-01-12 20:53:32] EDIT Trading_App/views/default/index.html: 3
[2016-01-12 20:56:26] EDIT Trading_App/views/default/index.html: 0
[2016-01-12 21:06:01] EDIT Trading_App/views/default/index.html: -2
[2016-01-12 21:11:03] EDIT Trading_App/views/default/index.html: 0
[2016-01-12 21:23:43] EDIT Trading_App/views/default/index.html: 2
[2016-01-12 21:23:58] EDIT Trading_App/views/default/index.html: -1
[2016-01-14 10:50:29] EDIT Trading_App/views/default/index.html: -13
[2016-01-14 10:52:06] EDIT Trading_App/models/db1.py: 1
[2016-01-14 10:57:20] EDIT Trading_App/views/default/index.html: 0
[2016-01-14 10:59:24] EDIT Trading_App/controllers/default.py: 3
[2016-01-14 11:00:55] EDIT Trading_App/controllers/default.py: 1
[2016-01-14 11:01:14] CREATE default/show.html: 0
[2016-01-14 11:04:25] EDIT Trading_App/views/default/show.html: 4
[2016-01-14 11:05:52] EDIT Trading_App/controllers/default.py: 2
[2016-01-14 11:06:29] CREATE default/create.html: 0
[2016-01-14 11:07:38] EDIT Trading_App/views/default/create.html: 0
[2016-01-14 11:16:28] EDIT Trading_App/controllers/default.py: 1
[2016-01-14 11:21:00] EDIT Trading_App/models/menu.py: 2
[2016-01-14 11:21:09] EDIT Trading_App/models/menu.py: 0
[2016-01-14 11:21:59] EDIT Trading_App/models/menu.py: 0
[2016-01-14 11:22:23] EDIT Trading_App/controllers/default.py: -1
[2016-01-14 11:24:12] EDIT Trading_App/controllers/default.py: 0
[2016-01-14 11:29:21] EDIT Trading_App/models/db1.py: 5
[2016-01-14 11:31:34] EDIT Trading_App/controllers/default.py: 1
[2016-01-14 11:33:25] EDIT Trading_App/controllers/default.py: 3
[2016-01-14 11:36:34] EDIT Trading_App/models/db1.py: 0
[2016-01-14 11:36:53] EDIT Trading_App/models/db1.py: 0
[2016-01-14 11:45:57] EDIT Trading_App/views/default/index.html: 0
[2016-01-14 11:52:14] EDIT Trading_App/views/default/index.html: 0
[2016-01-14 11:53:47] EDIT Trading_App/views/default/index.html: 0
[2016-01-14 11:55:31] EDIT Trading_App/views/default/index.html: 0
[2016-01-14 11:56:01] EDIT Trading_App/views/default/index.html: 0
[2016-01-14 11:57:57] EDIT Trading_App/views/default/show.html: 8
[2016-01-14 11:58:58] EDIT Trading_App/views/default/show.html: 2
[2016-01-14 12:02:55] EDIT Trading_App/controllers/default.py: 3
[2016-01-14 12:05:06] EDIT Trading_App/controllers/default.py: 1
[2016-01-14 12:07:41] EDIT Trading_App/models/menu.py: 1
[2016-01-14 12:09:36] EDIT Trading_App/controllers/default.py: 0
[2016-01-14 12:10:36] EDIT Trading_App/controllers/default.py: -1
[2016-01-14 16:22:48] EDIT Trading_App/controllers/default.py: 3
[2016-01-14 16:23:21] EDIT Trading_App/models/menu.py: 0
[2016-01-14 16:24:45] CREATE default/login.html: 0
[2016-01-14 16:25:08] EDIT Trading_App/views/default/login.html: 0
[2016-01-14 16:26:13] EDIT Trading_App/controllers/default.py: 0
[2016-01-14 16:27:30] EDIT Trading_App/controllers/default.py: 0
[2016-01-14 16:34:04] EDIT Trading_App/models/db1.py: 1
[2016-01-14 16:34:17] EDIT Trading_App/models/db1.py: 0
[2016-01-14 16:35:39] EDIT Trading_App/views/default/index.html: 1
[2016-01-14 16:44:09] EDIT Trading_App/models/db1.py: 0
[2016-01-14 16:50:12] EDIT Trading_App/views/default/index.html: 0
[2016-01-14 16:58:46] EDIT Trading_App/views/default/index.html: 0
[2016-01-14 17:03:56] EDIT Trading_App/views/default/index.html: 0
[2016-01-14 17:08:20] EDIT Trading_App/models/db1.py: 1
[2016-01-14 17:09:16] EDIT Trading_App/views/default/index.html: 0
[2016-01-14 17:10:24] EDIT Trading_App/views/default/index.html: 0
[2016-01-14 17:20:00] EDIT Trading_App/views/default/index.html: 0
[2016-01-14 17:20:12] EDIT Trading_App/views/default/index.html: 0
[2016-01-14 17:20:32] EDIT Trading_App/views/default/index.html: 0
[2016-01-14 17:21:07] EDIT Trading_App/models/db1.py: -1
[2016-01-14 17:21:11] EDIT Trading_App/models/db1.py: 0
[2016-01-14 17:21:57] EDIT Trading_App/models/db1.py: 0
[2016-01-14 17:22:29] EDIT Trading_App/views/default/index.html: 0
[2016-01-14 17:22:56] EDIT Trading_App/views/default/index.html: 0
[2016-01-14 17:24:51] EDIT Trading_App/views/default/index.html: 0
[2016-01-14 17:26:38] EDIT Trading_App/views/default/index.html: 0
[2016-01-14 17:27:02] EDIT Trading_App/views/default/index.html: 0
[2016-01-14 17:27:37] EDIT Trading_App/views/default/index.html: 0
[2016-01-14 21:16:10] EDIT Trading_App/views/default/index.html: 1
[2016-01-14 21:16:44] EDIT Trading_App/views/default/index.html: 0
[2016-01-14 21:18:59] EDIT Trading_App/views/default/index.html: 0
[2016-01-14 21:20:13] EDIT Trading_App/views/default/index.html: 0
[2016-01-14 21:20:37] EDIT Trading_App/views/default/index.html: 0
[2016-01-14 21:22:19] EDIT Trading_App/views/default/index.html: 0
[2016-01-14 21:23:01] EDIT Trading_App/views/default/index.html: 0
[2016-01-14 21:24:48] EDIT Trading_App/views/default/index.html: 0
[2016-01-15 20:52:34] EDIT thingder/models/db1.py: -1
[2016-01-15 20:53:30] EDIT thingder/views/default/index.html: 0
[2016-01-15 20:54:15] EDIT thingder/views/default/show.html: 0
[2016-01-15 20:55:36] EDIT thingder/views/default/show.html: 0
[2016-01-15 20:56:39] EDIT thingder/controllers/default.py: -2
[2016-01-15 21:01:10] EDIT thingder/views/default/index.html: 0
[2016-01-15 21:02:12] EDIT thingder/views/default/index.html: 0
[2016-01-15 21:03:04] EDIT thingder/views/default/index.html: 0
[2016-01-15 21:04:17] EDIT thingder/views/default/index.html: 0
[2016-01-15 21:06:01] EDIT thingder/views/default/index.html: 0
[2016-01-15 21:09:24] EDIT thingder/views/default/index.html: 0
[2016-01-15 21:12:07] EDIT thingder/controllers/default.py: 1
[2016-01-15 21:13:45] EDIT thingder/models/db1.py: -1
[2016-01-15 21:21:34] EDIT thingder/models/menu.py: 1
[2016-01-15 21:22:55] EDIT thingder/models/menu.py: 0
[2016-01-15 21:24:25] EDIT thingder/models/menu.py: 0
[2016-01-16 17:46:06] EDIT thingder/models/db1.py: 4
[2016-01-16 17:46:11] EDIT thingder/models/db1.py: 0
[2016-01-16 17:53:57] EDIT thingder/views/default/show.html: 3
[2016-01-16 17:54:48] EDIT thingder/models/db1.py: 0
[2016-01-16 17:55:42] EDIT thingder/views/default/show.html: 0
[2016-01-16 18:01:10] EDIT thingder/controllers/default.py: 5
[2016-01-16 18:01:37] EDIT thingder/controllers/default.py: 0
[2016-01-16 18:01:49] EDIT thingder/views/default/show.html: 0
[2016-01-16 20:56:13] EDIT thingder/views/default/show.html: -1
[2016-01-16 21:00:22] EDIT thingder/views/default/show.html: 1
[2016-01-16 21:03:39] EDIT thingder/views/default/show.html: 0
[2016-01-16 21:04:39] EDIT thingder/views/default/show.html: 0
[2016-01-16 21:18:42] EDIT thingder/controllers/default.py: 1
[2016-01-16 21:18:53] EDIT thingder/controllers/default.py: 0
[2016-01-16 21:20:14] CREATE default/messaging.html: 0
[2016-01-16 21:21:18] EDIT thingder/views/default/messaging.html: 0
[2016-01-16 21:29:39] EDIT thingder/views/default/show.html: 0
[2016-01-16 21:35:30] EDIT thingder/views/default/show.html: 0
[2016-01-16 21:37:02] EDIT thingder/views/default/show.html: 0
[2016-01-16 21:39:48] EDIT thingder/views/default/messaging.html: 3
[2016-01-16 21:41:06] EDIT thingder/controllers/default.py: 0
[2016-01-16 21:43:04] EDIT thingder/models/db1.py: 1
[2016-01-16 21:44:10] EDIT thingder/views/default/show.html: 0
[2016-01-16 21:46:01] EDIT thingder/views/default/show.html: 0
[2016-01-16 21:52:06] EDIT thingder/controllers/default.py: 0
[2016-01-16 21:52:39] EDIT thingder/controllers/default.py: 0
[2016-01-16 21:53:14] EDIT thingder/controllers/default.py: 0
[2016-01-16 21:55:16] EDIT thingder/controllers/default.py: 1
[2016-01-16 21:56:10] EDIT thingder/models/db1.py: -1
[2016-01-16 22:01:25] EDIT thingder/controllers/default.py: 0
[2016-01-16 22:11:59] EDIT thingder/models/db1.py: 1
[2016-01-16 22:12:05] EDIT thingder/models/db1.py: 0
[2016-01-16 22:19:08] EDIT thingder/controllers/default.py: 1
[2016-01-16 22:22:08] EDIT thingder/views/default/show.html: 0
[2016-01-16 22:26:42] EDIT thingder/views/default/show.html: 0
[2016-01-16 22:28:23] EDIT thingder/views/default/show.html: 0
[2016-01-16 22:30:59] EDIT thingder/views/default/show.html: 0
[2016-01-16 22:32:31] EDIT thingder/controllers/default.py: 0
[2016-01-16 22:37:17] EDIT thingder/controllers/default.py: 1
[2016-01-16 22:40:06] EDIT thingder/controllers/default.py: 0
[2016-01-16 22:42:03] EDIT thingder/views/default/messaging.html: 1
[2016-01-16 22:43:32] EDIT thingder/controllers/default.py: 0
[2016-01-16 22:48:35] EDIT thingder/controllers/default.py: 0
[2016-01-16 22:55:44] EDIT thingder/controllers/default.py: 0
[2016-01-16 22:56:29] EDIT thingder/views/default/show.html: 0
[2016-01-16 22:57:32] EDIT thingder/controllers/default.py: 0
[2016-01-16 23:02:17] EDIT thingder/views/default/show.html: 0
[2016-01-16 23:04:18] EDIT thingder/views/default/messaging.html: -1
[2016-01-17 16:00:39] EDIT thingder/views/default/messaging.html: 1
[2016-01-17 16:02:36] EDIT thingder/controllers/default.py: 0
[2016-01-17 16:02:50] EDIT thingder/views/default/messaging.html: 0
[2016-01-17 16:04:08] EDIT thingder/controllers/default.py: 0
[2016-01-17 18:10:20] EDIT thingder/controllers/default.py: 0
[2016-01-17 18:13:57] EDIT thingder/views/default/messaging.html: 8
[2016-01-17 18:17:25] EDIT thingder/controllers/default.py: 2
[2016-01-17 18:20:27] EDIT thingder/controllers/default.py: 0
[2016-01-17 18:22:45] EDIT thingder/controllers/default.py: 0
[2016-01-20 22:09:49] EDIT thingder/controllers/default.py: 3
[2016-01-20 22:21:21] EDIT thingder/models/menu.py: 1
[2016-01-20 22:21:42] CREATE default/my_profile.html: 0
[2016-01-20 22:23:24] EDIT thingder/views/default/my_profile.html: 5
[2016-01-20 22:27:44] EDIT thingder/controllers/default.py: 0
[2016-01-20 22:28:19] EDIT thingder/controllers/default.py: 0
[2016-01-20 22:28:54] EDIT thingder/controllers/default.py: 0
[2016-01-20 22:29:23] EDIT thingder/controllers/default.py: 0
[2016-01-20 22:32:01] EDIT thingder/controllers/default.py: 0
[2016-01-20 22:33:09] EDIT thingder/views/default/my_profile.html: 1
[2016-01-20 22:35:40] EDIT thingder/controllers/default.py: 0
[2016-01-20 22:38:15] EDIT thingder/controllers/default.py: 1
[2016-01-20 22:39:55] EDIT thingder/views/default/my_profile.html: 0
[2016-01-20 22:41:44] EDIT thingder/views/default/my_profile.html: 5
[2016-01-20 22:43:37] EDIT thingder/views/default/my_profile.html: 3
[2016-01-20 22:50:43] CREATE default/testCss.html: 0
[2016-01-21 17:34:34] EDIT thingder/controllers/default.py: 1
[2016-01-21 17:34:48] EDIT thingder/controllers/default.py: 0
[2016-01-21 17:36:11] EDIT thingder/controllers/default.py: 0
[2016-01-26 16:48:52] EDIT Trading_App/models/menu.py: -38
[2016-01-26 16:48:53] EDIT Trading_App/models/menu.py: 0
[2016-01-26 16:48:54] EDIT Trading_App/models/menu.py: 0
[2016-01-26 16:48:54] EDIT Trading_App/models/menu.py: 0
[2016-01-26 16:48:54] EDIT Trading_App/models/menu.py: 0
[2016-01-26 16:48:55] EDIT Trading_App/models/menu.py: 0
[2016-01-26 16:53:29] EDIT Trading_App/models/menu.py: -24
[2016-01-26 17:02:38] EDIT Trading_App/views/default/index.html: 0
[2016-01-26 17:04:14] EDIT Trading_App/views/default/index.html: 0
[2016-01-26 17:04:15] EDIT Trading_App/views/default/index.html: 0
[2016-01-26 17:04:15] EDIT Trading_App/views/default/index.html: 0
[2016-01-26 17:04:15] EDIT Trading_App/views/default/index.html: 0
[2016-01-26 17:04:15] EDIT Trading_App/views/default/index.html: 0
[2016-01-26 17:19:05] EDIT Trading_App/models/menu.py: 0
[2016-01-26 17:19:37] EDIT Trading_App/models/menu.py: 0
[2016-01-26 17:20:22] EDIT Trading_App/models/menu.py: 0
[2016-01-26 17:20:39] EDIT Trading_App/models/menu.py: 0
[2016-01-28 22:25:03] EDIT thingder/models/menu.py: 2
[2016-01-28 22:25:57] EDIT thingder/models/menu.py: -2
[2016-01-28 22:26:42] EDIT thingder/views/layout.html: 2
[2016-01-28 22:30:44] EDIT thingder/views/layout.html: 2
[2016-01-28 22:31:29] EDIT thingder/views/layout.html: 0
[2016-01-28 22:32:53] EDIT thingder/views/layout.html: 0
[2016-01-28 22:33:09] EDIT thingder/views/layout.html: 0
[2016-01-28 22:33:15] EDIT thingder/views/layout.html: 0
[2016-01-28 22:33:31] EDIT thingder/views/layout.html: 0
[2016-01-28 23:07:24] EDIT thingder/controllers/default.py: -4
[2016-01-28 23:20:57] EDIT thingder/controllers/default.py: 0
[2016-01-29 18:25:30] EDIT thingder/controllers/default.py: 2
[2016-01-29 18:25:48] EDIT thingder/controllers/default.py: 0
[2016-01-29 18:55:31] EDIT thingder/views/default/testCss.html: 20
[2016-01-29 18:57:20] DELETE thingder/static/css/style.txt: 0
[2016-01-29 18:57:46] EDIT thingder/static/css/style.css: 56
[2016-01-29 18:57:57] EDIT thingder/static/css/style.css: 0
[2016-01-29 19:00:23] EDIT thingder/views/default/testCss.html: 1
[2016-01-29 19:00:38] EDIT thingder/views/default/testCss.html: 0
[2016-01-29 19:01:42] EDIT thingder/views/default/testCss.html: 0
[2016-01-29 19:02:14] EDIT thingder/views/default/testCss.html: 0
[2016-01-29 19:03:03] EDIT thingder/static/css/style.css: 0
[2016-01-29 19:03:19] EDIT thingder/static/css/style.css: 0
[2016-01-29 19:04:00] EDIT thingder/views/default/testCss.html: 0
[2016-01-29 19:04:20] EDIT thingder/views/default/testCss.html: 0
[2016-01-29 19:05:16] EDIT thingder/static/css/style.css: 0
[2016-01-29 19:05:51] EDIT thingder/views/default/testCss.html: 0
[2016-01-29 19:06:28] EDIT thingder/static/css/style.css: 0
[2016-01-29 19:07:54] EDIT thingder/views/default/testCss.html: 0
[2016-01-29 19:08:19] EDIT thingder/static/css/style.css: 0
[2016-01-29 19:09:04] EDIT thingder/views/default/testCss.html: 0
[2016-01-29 19:09:21] EDIT thingder/views/default/testCss.html: 0
[2016-02-02 13:46:46] EDIT thingder/controllers/default.py: 0
[2016-02-02 13:48:00] EDIT thingder/controllers/default.py: 1
[2016-02-02 13:49:06] EDIT thingder/views/layout.html: 1
[2016-02-02 13:49:54] CREATE Custom.css: 0
[2016-02-02 13:51:37] EDIT thingder/static/css/Custom.css: 27
[2016-02-02 13:52:39] EDIT thingder/views/layout.html: 0
[2016-02-02 13:52:52] EDIT thingder/views/layout.html: 0
[2016-02-02 14:02:03] EDIT thingder/static/css/Custom.css: 0
[2016-02-02 16:41:27] EDIT thingder/static/css/Custom.css: 0
[2016-02-02 19:31:56] EDIT thingder/controllers/default.py: 1
[2016-02-02 19:36:44] EDIT thingder/static/css/Custom.css: 0
[2016-02-02 19:45:28] EDIT thingder/models/db1.py: 4
[2016-02-02 19:45:47] EDIT thingder/models/db1.py: 0
[2016-02-02 19:46:40] EDIT thingder/models/db1.py: 1
[2016-02-02 19:46:59] EDIT thingder/models/db1.py: 0
[2016-02-02 19:47:16] EDIT thingder/models/db1.py: 0
[2016-02-02 19:50:34] EDIT thingder/views/default/show.html: 20
[2016-02-02 19:51:09] EDIT thingder/models/db1.py: 0
[2016-02-02 19:51:57] EDIT thingder/models/db1.py: 0
[2016-02-02 19:52:28] EDIT thingder/models/db1.py: 0
[2016-02-02 19:52:49] EDIT thingder/models/db1.py: 0
[2016-02-02 19:53:13] EDIT thingder/models/db1.py: 0
[2016-02-02 19:54:59] EDIT thingder/static/css/style.css: 0
[2016-02-02 19:55:07] EDIT thingder/static/css/style.css: 0
[2016-02-02 19:57:48] EDIT thingder/views/default/show.html: -6
[2016-02-02 19:58:19] EDIT thingder/views/layout.html: 1
[2016-02-02 19:58:27] EDIT thingder/views/layout.html: 0
[2016-02-02 20:00:35] EDIT thingder/views/default/show.html: 9
[2016-02-02 20:00:39] EDIT thingder/views/default/index.html: 0
[2016-02-02 20:05:25] EDIT thingder/views/default/show.html: 0
[2016-02-02 20:08:29] EDIT thingder/views/default/show.html: 5
[2016-02-02 20:08:42] EDIT thingder/views/default/show.html: -2
[2016-02-02 20:10:11] EDIT thingder/views/default/show.html: 2
[2016-02-02 20:11:42] EDIT thingder/views/default/show.html: -1
[2016-02-03 11:24:14] EDIT thingder/static/css/style.css: 0
[2016-02-03 11:27:12] EDIT thingder/views/layout.html: 0
[2016-02-03 11:28:08] EDIT thingder/views/default/testCss.html: -5
[2016-02-03 11:29:00] EDIT thingder/views/layout.html: 0
[2016-02-03 11:29:29] EDIT thingder/views/layout.html: 0
[2016-02-03 11:30:30] EDIT thingder/static/css/style.css: 0
[2016-02-03 11:30:42] EDIT thingder/static/css/style.css: 0
[2016-02-03 11:33:27] EDIT thingder/static/css/style.css: 0
[2016-02-03 11:37:27] EDIT thingder/views/default/show.html: -2
[2016-02-03 11:53:50] EDIT thingder/views/default/show.html: 2
[2016-02-03 11:54:42] EDIT thingder/views/default/show.html: 0
[2016-02-03 11:55:14] EDIT thingder/views/default/show.html: 0
[2016-02-03 11:56:44] EDIT thingder/static/css/style.css: 2
[2016-02-03 11:57:02] EDIT thingder/static/css/style.css: -1
[2016-02-03 11:57:25] EDIT thingder/static/css/style.css: -1
[2016-02-03 11:57:50] EDIT thingder/static/css/style.css: 1
[2016-02-03 11:59:02] EDIT thingder/static/css/style.css: 0
[2016-02-03 11:59:22] EDIT thingder/static/css/style.css: 1
[2016-02-03 12:03:25] EDIT thingder/views/default/show.html: 1
[2016-02-04 17:30:36] EDIT thingder/views/default/index.html: 6
[2016-02-04 17:31:13] EDIT thingder/views/default/index.html: 1
[2016-02-04 17:35:18] EDIT thingder/views/default/index.html: 0
[2016-02-04 17:36:12] EDIT thingder/controllers/default.py: 2
[2016-02-04 17:36:29] EDIT thingder/controllers/default.py: 1
[2016-02-04 17:36:49] CREATE default/showByCategory.html: 0
[2016-02-04 17:37:24] EDIT thingder/controllers/default.py: 1
[2016-02-04 17:38:18] EDIT thingder/views/default/index.html: 0
[2016-02-04 17:38:37] EDIT thingder/views/default/index.html: 0
[2016-02-04 17:38:47] EDIT thingder/views/default/index.html: 0
[2016-02-04 17:39:25] EDIT thingder/controllers/default.py: 0
[2016-02-04 17:40:08] EDIT thingder/controllers/default.py: 0
[2016-02-04 17:40:28] EDIT thingder/controllers/default.py: 0
[2016-02-04 17:41:02] EDIT thingder/controllers/default.py: -1
[2016-02-04 17:41:12] EDIT thingder/views/default/showByCategory.html: 1
[2016-02-04 17:41:48] EDIT thingder/views/default/showByCategory.html: 0
[2016-02-04 17:42:26] EDIT thingder/controllers/default.py: 0
[2016-02-04 17:42:33] EDIT thingder/views/default/showByCategory.html: 0
[2016-02-04 17:42:49] EDIT thingder/controllers/default.py: 0
[2016-02-04 17:46:05] EDIT thingder/views/default/index.html: 0
[2016-02-04 17:46:41] EDIT thingder/controllers/default.py: 0
[2016-02-04 17:47:00] EDIT thingder/views/default/index.html: 0
[2016-02-05 16:46:42] EDIT thingder/controllers/default.py: 9
[2016-02-05 16:46:55] EDIT thingder/controllers/default.py: 0
[2016-02-05 16:47:08] EDIT thingder/controllers/default.py: 1
[2016-02-05 16:47:13] EDIT thingder/controllers/default.py: 0
[2016-02-05 16:47:25] EDIT thingder/controllers/default.py: -2
[2016-02-05 16:47:48] EDIT thingder/controllers/default.py: 0
[2016-02-05 16:47:49] EDIT thingder/controllers/default.py: 0
[2016-02-05 16:47:59] EDIT thingder/controllers/default.py: -1
[2016-02-05 16:48:18] EDIT thingder/controllers/default.py: 0
[2016-02-05 16:48:27] EDIT thingder/controllers/default.py: -1
[2016-02-05 17:00:23] EDIT thingder/controllers/default.py: 3
[2016-02-05 17:00:40] EDIT thingder/controllers/default.py: 0
[2016-02-05 17:00:45] EDIT thingder/controllers/default.py: 0
[2016-02-05 17:00:51] EDIT thingder/controllers/default.py: 1
[2016-02-05 17:00:59] EDIT thingder/controllers/default.py: 0
[2016-02-05 17:01:09] EDIT thingder/controllers/default.py: 0
[2016-02-05 17:02:49] EDIT thingder/controllers/default.py: 0
[2016-02-05 17:09:42] EDIT thingder/controllers/default.py: 0
[2016-02-05 17:09:51] EDIT thingder/controllers/default.py: 0
[2016-02-05 17:09:56] EDIT thingder/controllers/default.py: 0
[2016-02-05 17:14:05] EDIT thingder/controllers/default.py: 0
[2016-02-05 17:14:19] EDIT thingder/controllers/default.py: 0
[2016-02-05 17:19:47] EDIT thingder/controllers/default.py: 0
[2016-02-05 17:22:36] EDIT thingder/controllers/default.py: 0
[2016-02-05 17:23:37] EDIT thingder/controllers/default.py: 1
[2016-02-05 17:25:13] EDIT thingder/controllers/default.py: -1
[2016-02-05 17:25:19] EDIT thingder/controllers/default.py: 0
[2016-02-05 17:28:02] EDIT thingder/controllers/default.py: 0
[2016-02-05 17:33:18] EDIT thingder/controllers/default.py: 0
[2016-02-05 17:33:24] EDIT thingder/controllers/default.py: 0
[2016-02-05 17:35:36] EDIT thingder/controllers/default.py: 0
[2016-02-05 20:17:28] EDIT thingder/views/default/show.html: 2
[2016-02-05 20:29:34] EDIT thingder/controllers/default.py: 3
[2016-02-05 20:29:48] EDIT thingder/controllers/default.py: 0
[2016-02-05 20:30:08] EDIT thingder/controllers/default.py: 0
[2016-02-05 20:30:34] EDIT thingder/controllers/default.py: 0
[2016-02-05 20:33:32] EDIT thingder/controllers/default.py: 0
[2016-02-05 20:34:36] EDIT thingder/controllers/default.py: 0
[2016-02-05 20:35:57] EDIT thingder/controllers/default.py: 0
[2016-02-05 20:37:40] EDIT thingder/controllers/default.py: 0
[2016-02-05 20:38:36] EDIT thingder/controllers/default.py: 0
[2016-02-05 20:39:31] EDIT thingder/controllers/default.py: 0
[2016-02-05 20:40:22] EDIT thingder/controllers/default.py: 0
[2016-02-05 20:41:06] EDIT thingder/controllers/default.py: 0
[2016-02-05 20:41:53] EDIT thingder/controllers/default.py: 0
[2016-02-05 20:42:56] EDIT thingder/models/db1.py: 0
[2016-02-05 20:43:40] EDIT thingder/models/db1.py: 0
[2016-02-05 20:44:47] EDIT thingder/controllers/default.py: 0
[2016-02-05 20:47:23] EDIT thingder/controllers/default.py: 0
[2016-02-05 20:47:56] EDIT thingder/controllers/default.py: 0
[2016-02-05 20:48:34] EDIT thingder/controllers/default.py: 0
[2016-02-05 20:49:35] EDIT thingder/controllers/default.py: 0
[2016-02-05 20:50:35] EDIT thingder/controllers/default.py: 1
[2016-02-05 20:51:40] EDIT thingder/controllers/default.py: -1
[2016-02-05 20:53:19] EDIT thingder/controllers/default.py: 0
[2016-02-05 20:53:43] EDIT thingder/controllers/default.py: 0
[2016-02-05 20:53:50] EDIT thingder/controllers/default.py: 0
[2016-02-05 20:54:32] EDIT thingder/controllers/default.py: 1
[2016-02-05 20:55:57] EDIT thingder/controllers/default.py: -1
[2016-02-05 20:56:22] EDIT thingder/controllers/default.py: 0
[2016-02-05 20:56:30] EDIT thingder/controllers/default.py: 0
[2016-02-05 20:56:47] EDIT thingder/controllers/default.py: 0
[2016-02-05 20:57:42] EDIT thingder/controllers/default.py: 0
[2016-02-05 20:59:27] EDIT thingder/controllers/default.py: 0
[2016-02-05 21:06:28] EDIT thingder/controllers/default.py: 0
[2016-02-05 21:13:23] EDIT thingder/views/default/show.html: 11
[2016-02-05 21:13:49] EDIT thingder/views/default/show.html: 1
[2016-02-05 21:14:58] EDIT thingder/views/default/show.html: 0
[2016-02-05 21:18:20] EDIT thingder/views/default/show.html: 0
[2016-02-05 21:18:58] EDIT thingder/views/default/show.html: 0
[2016-02-05 21:19:20] EDIT thingder/views/default/show.html: 0
[2016-02-05 21:20:27] EDIT thingder/views/default/show.html: 0
[2016-02-05 21:21:44] EDIT thingder/views/default/show.html: 0
[2016-02-05 21:22:36] EDIT thingder/views/default/show.html: 0
[2016-02-05 21:24:05] EDIT thingder/views/default/show.html: 2
[2016-02-05 21:27:25] EDIT thingder/views/default/show.html: 1
[2016-02-05 21:28:08] EDIT thingder/views/default/show.html: 0
[2016-02-05 21:29:19] EDIT thingder/views/default/show.html: 0
[2016-02-05 21:29:59] EDIT thingder/views/default/show.html: 0
[2016-02-05 21:32:06] EDIT thingder/views/default/show.html: 0
[2016-02-05 21:32:18] EDIT thingder/views/default/show.html: -3
[2016-02-05 21:33:01] EDIT thingder/views/default/show.html: 0
[2016-02-05 21:36:55] EDIT thingder/views/default/show.html: 0
[2016-02-05 21:37:13] EDIT thingder/views/default/show.html: 0
[2016-02-05 21:37:28] EDIT thingder/views/default/show.html: 0
[2016-02-05 21:37:46] EDIT thingder/views/default/show.html: 0
[2016-02-05 21:37:53] EDIT thingder/views/default/show.html: 0
[2016-02-05 21:38:23] EDIT thingder/views/default/show.html: 0
[2016-02-05 21:43:50] EDIT thingder/views/default/show.html: 1
[2016-02-05 21:45:06] EDIT thingder/views/default/show.html: 1
[2016-02-05 21:46:25] EDIT thingder/views/default/show.html: 1
[2016-02-05 21:46:44] EDIT thingder/views/default/show.html: 0
[2016-02-06 14:06:13] EDIT thingder/views/default/show.html: 0
[2016-02-06 14:07:04] EDIT thingder/views/default/show.html: 0
[2016-02-06 14:07:24] EDIT thingder/views/default/show.html: 0
[2016-02-06 14:09:08] EDIT thingder/views/default/show.html: 2
[2016-02-06 14:09:24] EDIT thingder/views/default/show.html: 0
[2016-02-06 14:15:30] EDIT thingder/views/default/show.html: 9
[2016-02-06 14:17:26] EDIT thingder/views/default/show.html: 8
[2016-02-06 14:17:51] EDIT thingder/views/default/show.html: -7
[2016-02-06 14:27:22] EDIT thingder/views/default/show.html: 2
[2016-02-06 14:31:31] EDIT thingder/views/default/show.html: -2
[2016-02-06 14:31:46] EDIT thingder/views/default/show.html: 0
[2016-02-06 14:32:17] EDIT thingder/views/default/show.html: 0
[2016-02-06 14:32:49] EDIT thingder/views/default/show.html: 0
[2016-02-06 14:33:31] EDIT thingder/views/default/show.html: 0
[2016-02-06 14:33:42] EDIT thingder/views/default/show.html: 0
[2016-02-06 14:36:16] EDIT thingder/views/default/show.html: 1
[2016-02-06 14:36:59] EDIT thingder/views/default/show.html: 0
[2016-02-06 14:37:38] EDIT thingder/views/default/show.html: 0
[2016-02-06 14:39:38] EDIT thingder/views/default/show.html: 0
[2016-02-06 14:39:50] EDIT thingder/views/default/show.html: 0
[2016-02-06 14:39:57] EDIT thingder/views/default/show.html: 0
[2016-02-06 14:40:29] EDIT thingder/views/default/show.html: 0
[2016-02-06 14:42:16] EDIT thingder/views/default/show.html: 0
[2016-02-06 15:30:24] EDIT thingder/views/default/show.html: 0
[2016-02-06 15:31:19] EDIT thingder/controllers/default.py: 0
[2016-02-06 15:31:36] EDIT thingder/controllers/default.py: 0
[2016-02-06 15:32:52] EDIT thingder/controllers/default.py: 2
[2016-02-06 15:32:57] EDIT thingder/controllers/default.py: 0
[2016-02-06 15:39:18] EDIT thingder/views/default/show.html: 2
[2016-02-06 15:45:26] EDIT thingder/controllers/default.py: -2
[2016-02-06 15:49:24] EDIT thingder/controllers/default.py: 0
[2016-02-06 15:50:03] EDIT thingder/controllers/default.py: 0
[2016-02-06 15:50:17] EDIT thingder/controllers/default.py: 1
[2016-02-06 15:52:08] EDIT thingder/controllers/default.py: 0
[2016-02-06 15:52:33] EDIT thingder/controllers/default.py: 0
[2016-02-06 15:54:13] EDIT thingder/views/default/show.html: 0
[2016-02-06 15:54:40] EDIT thingder/views/default/show.html: 0
[2016-02-06 15:56:49] EDIT thingder/controllers/default.py: 0
[2016-02-06 15:58:56] EDIT thingder/views/default/show.html: 0
[2016-02-06 16:00:48] EDIT thingder/controllers/default.py: 0
[2016-02-06 16:00:53] EDIT thingder/views/default/show.html: 0
[2016-02-06 16:01:35] EDIT thingder/views/default/show.html: 1
[2016-02-06 16:01:44] EDIT thingder/views/default/show.html: 0
[2016-02-06 16:02:41] EDIT thingder/views/default/show.html: -1
[2016-02-06 16:07:12] EDIT thingder/controllers/default.py: 0
[2016-02-06 16:10:20] EDIT thingder/views/default/show.html: 0
[2016-02-06 16:11:06] EDIT thingder/views/default/show.html: 0
[2016-02-06 16:19:31] EDIT thingder/views/default/show.html: -2
[2016-02-06 16:19:44] EDIT thingder/views/default/show.html: 0
[2016-02-06 16:33:49] EDIT thingder/views/default/show.html: 0
[2016-02-06 16:34:15] EDIT thingder/views/default/show.html: 1
[2016-02-06 16:34:33] EDIT thingder/views/default/show.html: 0
[2016-02-06 16:34:49] EDIT thingder/controllers/default.py: 0
[2016-02-06 16:36:05] EDIT thingder/views/default/show.html: 0
[2016-02-06 16:36:24] EDIT thingder/views/default/show.html: 0
[2016-02-06 16:36:59] EDIT thingder/views/default/show.html: 0
[2016-02-06 16:38:08] EDIT thingder/views/default/show.html: 0
[2016-02-06 16:39:49] EDIT thingder/views/default/show.html: 0
[2016-02-06 16:40:18] EDIT thingder/controllers/default.py: 0
[2016-02-06 16:45:18] EDIT thingder/views/default/show.html: 0
[2016-02-06 16:53:56] EDIT thingder/views/default/show.html: 0
[2016-02-06 16:55:22] EDIT thingder/views/default/show.html: 2
[2016-02-06 16:58:39] EDIT thingder/views/default/show.html: 0
[2016-02-06 16:58:45] EDIT thingder/controllers/default.py: 0
[2016-02-06 17:00:00] EDIT thingder/views/default/show.html: 1
[2016-02-06 17:03:17] EDIT thingder/views/default/show.html: -1
[2016-02-06 17:03:54] EDIT thingder/views/default/show.html: 0
[2016-02-06 17:04:00] EDIT thingder/controllers/default.py: 0
[2016-02-06 17:04:33] EDIT thingder/views/default/show.html: 1
[2016-02-06 17:05:10] EDIT thingder/views/default/show.html: 0
[2016-02-06 17:05:19] EDIT thingder/views/default/show.html: 0
[2016-02-06 17:06:19] EDIT thingder/views/default/show.html: 0
[2016-02-06 17:06:30] EDIT thingder/views/default/show.html: 0
[2016-02-06 17:08:51] EDIT thingder/views/default/show.html: 5
[2016-02-06 17:10:14] EDIT thingder/views/default/show.html: 0
[2016-02-06 17:10:40] EDIT thingder/views/default/show.html: 0
[2016-02-06 17:10:56] EDIT thingder/views/default/show.html: 0
[2016-02-06 17:12:28] EDIT thingder/views/default/show.html: -8
[2016-02-06 17:12:39] EDIT thingder/views/default/show.html: 0
[2016-02-06 17:12:41] EDIT thingder/controllers/default.py: 0
